生成启动时间为 2016/5/28 10:55:40。
     1>项目“E:\vs_work_save\oracle_homework5\oracle_homework5\oracle_homework5.vcxproj”在节点 2 上(Build 个目标)。
     1>ClCompile:
         D:\VS\VC\bin\CL.exe /c /I"C:\Program Files\MySQL\MySQL Server 5.6\include" /ZI /nologo /W3 /WX- /sdl /Od /Oy- /D WIN32 /D _WINDOWS /D _DEBUG /D _UNICODE /D UNICODE /D _AFXDLL /Gm /EHsc /RTC1 /MDd /GS /fp:precise /Zc:wchar_t /Zc:forScope /Yc"stdafx.h" /Fp"Debug\oracle_homework5.pch" /Fo"Debug\\" /Fd"Debug\vc120.pdb" /Gd /TP /analyze- /errorReport:prompt stdafx.cpp
         stdafx.cpp
         D:\VS\VC\bin\CL.exe /c /I"C:\Program Files\MySQL\MySQL Server 5.6\include" /ZI /nologo /W3 /WX- /sdl /Od /Oy- /D WIN32 /D _WINDOWS /D _DEBUG /D _UNICODE /D UNICODE /D _AFXDLL /Gm /EHsc /RTC1 /MDd /GS /fp:precise /Zc:wchar_t /Zc:forScope /Yu"stdafx.h" /Fp"Debug\oracle_homework5.pch" /Fo"Debug\\" /Fd"Debug\vc120.pdb" /Gd /TP /analyze- /errorReport:prompt AddBookShop.cpp Login.cpp START.cpp add_book.cpp add_librarian.cpp add_order.cpp add_orderadmin.cpp add_press.cpp add_pressadmin.cpp add_teacher.cpp change_book.cpp change_librarian.cpp change_librarianname.cpp change_librarianpassword.cpp change_order.cpp change_orderadmin.cpp change_orderadminname.cpp change_orderadminpassword.cpp change_press.cpp change_pressadmin.cpp change_pressname.cpp change_presspassword.cpp change_sysname.cpp change_syspassword.cpp change_teacher.cpp change_teachername.cpp change_teacherpassword.cpp del_book.cpp del_librarian.cpp del_order.cpp del_orderadmin.cpp del_press.cpp del_pressadmin.cpp del_teacher.cpp librarian.cpp oracle_homework5.cpp oracle_homework5Dlg.cpp orderadmin.cpp pressadmin.cpp teacher.cpp
         teacher.cpp
         pressadmin.cpp
         orderadmin.cpp
         oracle_homework5Dlg.cpp
         oracle_homework5.cpp
         librarian.cpp
         del_teacher.cpp
         del_pressadmin.cpp
         del_press.cpp
         del_orderadmin.cpp
         del_order.cpp
         del_librarian.cpp
         del_book.cpp
         change_teacherpassword.cpp
         change_teachername.cpp
         change_teacher.cpp
         change_syspassword.cpp
         change_sysname.cpp
         change_presspassword.cpp
         change_pressname.cpp
         正在生成代码...
         正在编译...
         change_pressadmin.cpp
         change_press.cpp
         change_orderadminpassword.cpp
         change_orderadminname.cpp
         change_orderadmin.cpp
         change_order.cpp
         change_librarianpassword.cpp
         change_librarianname.cpp
         change_librarian.cpp
         change_book.cpp
         add_teacher.cpp
         add_pressadmin.cpp
         add_press.cpp
         add_orderadmin.cpp
         add_order.cpp
         add_librarian.cpp
         add_book.cpp
         START.cpp
         Login.cpp
         AddBookShop.cpp
         正在生成代码...
       Link:
         D:\VS\VC\bin\link.exe /ERRORREPORT:PROMPT /OUT:"E:\vs_work_save\oracle_homework5\Debug\oracle_homework5.exe" /INCREMENTAL /NOLOGO /MANIFEST /MANIFESTUAC:"level='asInvoker' uiAccess='false'" /manifest:embed /manifestinput:D:\VS\VC\Include\Manifest\dpiaware.manifest /DEBUG /PDB:"E:\vs_work_save\oracle_homework5\Debug\oracle_homework5.pdb" /SUBSYSTEM:WINDOWS /TLBID:1 /ENTRY:"wWinMainCRTStartup" /DYNAMICBASE /NXCOMPAT /IMPLIB:"E:\vs_work_save\oracle_homework5\Debug\oracle_homework5.lib" /MACHINE:X86 Debug\oracle_homework5.res
         Debug\AddBookShop.obj
         Debug\add_book.obj
         Debug\add_librarian.obj
         Debug\add_order.obj
         Debug\add_orderadmin.obj
         Debug\add_press.obj
         Debug\add_pressadmin.obj
         Debug\add_teacher.obj
         Debug\change_book.obj
         Debug\change_librarian.obj
         Debug\change_librarianname.obj
         Debug\change_librarianpassword.obj
         Debug\change_order.obj
         Debug\change_orderadmin.obj
         Debug\change_orderadminname.obj
         Debug\change_orderadminpassword.obj
         Debug\change_press.obj
         Debug\change_pressadmin.obj
         Debug\change_pressname.obj
         Debug\change_presspassword.obj
         Debug\change_sysname.obj
         Debug\change_syspassword.obj
         Debug\change_teacher.obj
         Debug\change_teachername.obj
         Debug\change_teacherpassword.obj
         Debug\del_book.obj
         Debug\del_librarian.obj
         Debug\del_order.obj
         Debug\del_orderadmin.obj
         Debug\del_press.obj
         Debug\del_pressadmin.obj
         Debug\del_teacher.obj
         Debug\librarian.obj
         Debug\Login.obj
         Debug\oracle_homework5.obj
         Debug\oracle_homework5Dlg.obj
         Debug\orderadmin.obj
         Debug\pressadmin.obj
         Debug\START.obj
         Debug\stdafx.obj
         Debug\teacher.obj
     1>oracle_homework5.obj : error LNK2019: 无法解析的外部符号 _mysql_server_init@12，该符号在函数 "public: virtual int __thiscall Coracle_homework5App::InitInstance(void)" (?InitInstance@Coracle_homework5App@@UAEHXZ) 中被引用
     1>START.obj : error LNK2001: 无法解析的外部符号 _mysql_server_init@12
     1>oracle_homework5.obj : error LNK2019: 无法解析的外部符号 _mysql_init@4，该符号在函数 "public: virtual int __thiscall Coracle_homework5App::InitInstance(void)" (?InitInstance@Coracle_homework5App@@UAEHXZ) 中被引用
     1>START.obj : error LNK2001: 无法解析的外部符号 _mysql_init@4
     1>oracle_homework5.obj : error LNK2019: 无法解析的外部符号 _mysql_real_connect@32，该符号在函数 "public: virtual int __thiscall Coracle_homework5App::InitInstance(void)" (?InitInstance@Coracle_homework5App@@UAEHXZ) 中被引用
     1>START.obj : error LNK2001: 无法解析的外部符号 _mysql_real_connect@32
     1>oracle_homework5.obj : error LNK2019: 无法解析的外部符号 _mysql_options@12，该符号在函数 "public: virtual int __thiscall Coracle_homework5App::InitInstance(void)" (?InitInstance@Coracle_homework5App@@UAEHXZ) 中被引用
     1>START.obj : error LNK2001: 无法解析的外部符号 _mysql_options@12
     1>START.obj : error LNK2019: 无法解析的外部符号 _mysql_num_fields@4，该符号在函数 "public: void __thiscall START::OnBnClickedstart(void)" (?OnBnClickedstart@START@@QAEXXZ) 中被引用
     1>START.obj : error LNK2019: 无法解析的外部符号 _mysql_query@8，该符号在函数 "public: void __thiscall START::OnBnClickedstart(void)" (?OnBnClickedstart@START@@QAEXXZ) 中被引用
     1>START.obj : error LNK2019: 无法解析的外部符号 _mysql_store_result@4，该符号在函数 "public: void __thiscall START::OnBnClickedstart(void)" (?OnBnClickedstart@START@@QAEXXZ) 中被引用
     1>START.obj : error LNK2019: 无法解析的外部符号 _mysql_fetch_row@4，该符号在函数 "public: void __thiscall START::OnBnClickedstart(void)" (?OnBnClickedstart@START@@QAEXXZ) 中被引用
     1>E:\vs_work_save\oracle_homework5\Debug\oracle_homework5.exe : fatal error LNK1120: 8 个无法解析的外部命令
     1>已完成生成项目“E:\vs_work_save\oracle_homework5\oracle_homework5\oracle_homework5.vcxproj”(Build 个目标)的操作 - 失败。

生成失败。

已用时间 00:00:04.96
